#
# There is insufficient memory for the Java Runtime Environment to continue.
# Native memory allocation (mmap) failed to map 260046848 bytes. Error detail: G1 virtual space
# Possible reasons:
#   The system is out of physical RAM or swap space
#   This process is running with CompressedOops enabled, and the Java Heap may be blocking the growth of the native heap
# Possible solutions:
#   Reduce memory load on the system
#   Increase physical memory or swap space
#   Check if swap backing store is full
#   Decrease Java heap size (-Xmx/-Xms)
#   Decrease number of Java threads
#   Decrease Java thread stack sizes (-Xss)
#   Set larger code cache with -XX:ReservedCodeCacheSize=
#   JVM is running with Zero Based Compressed Oops mode in which the Java heap is
#     placed in the first 32GB address space. The Java Heap base address is the
#     maximum limit for the native heap growth. Please use -XX:HeapBaseMinAddress
#     to set the Java Heap base and to place the Java Heap above 32GB virtual address.
# This output file may be truncated or incomplete.
#
#  Out of Memory Error (os_windows.cpp:3631), pid=29068, tid=20816
#
# JRE version:  (22.0.1+8) (build )
# Java VM: Java HotSpot(TM) 64-Bit Server VM (22.0.1+8-16, mixed mode, sharing, tiered, compressed oops, compressed class ptrs, g1 gc, windows-amd64)
# No core dump will be written. Minidumps are not enabled by default on client versions of Windows
#

---------------  S U M M A R Y ------------

Command Line: org.jetbrains.kotlin.cli.jvm.K2JVMCompiler @D:\Programming\Flutter SDK\flutter\packages\flutter_tools\gradle\build\20260418_14450037932874665426.compiler.options

Host: AMD Ryzen 7 5800HS with Radeon Graphics        , 16 cores, 15G,  Windows 11 , 64 bit Build 26100 (10.0.26100.8115)
Time: Sat Apr 18 11:21:15 2026 SE Asia Standard Time elapsed time: 0.010114 seconds (0d 0h 0m 0s)

---------------  T H R E A D  ---------------

Current thread (0x000001d132e57f90):  JavaThread "Unknown thread" [_thread_in_vm, id=20816, stack(0x000000ba1ff00000,0x000000ba20000000) (1024K)]

Stack: [0x000000ba1ff00000,0x000000ba20000000]
Native frames: (J=compiled Java code, j=interpreted, Vv=VM code, C=native code)
V  [jvm.dll+0x6e2279]  (no source info available)
V  [jvm.dll+0x874e33]  (no source info available)
V  [jvm.dll+0x87725e]  (no source info available)
V  [jvm.dll+0x877933]  (no source info available)
V  [jvm.dll+0x27fd76]  (no source info available)
V  [jvm.dll+0x6de915]  (no source info available)
V  [jvm.dll+0x6d341a]  (no source info available)
V  [jvm.dll+0x3589da]  (no source info available)
V  [jvm.dll+0x360f06]  (no source info available)
V  [jvm.dll+0x3b3e2e]  (no source info available)
V  [jvm.dll+0x3b40d8]  (no source info available)
V  [jvm.dll+0x32c59c]  (no source info available)
V  [jvm.dll+0x32d158]  (no source info available)
V  [jvm.dll+0x83ccdc]  (no source info available)
V  [jvm.dll+0x3c0d71]  (no source info available)
V  [jvm.dll+0x825ccc]  (no source info available)
V  [jvm.dll+0x45b8fe]  (no source info available)
V  [jvm.dll+0x45d781]  (no source info available)
C  [jli.dll+0x52a3]  (no source info available)
C  [ucrtbase.dll+0x37b0]  (no source info available)
C  [KERNEL32.DLL+0x2e8d7]  (no source info available)
C  [ntdll.dll+0x8c3fc]  (no source info available)


---------------  P R O C E S S  ---------------

Threads class SMR info:
_java_thread_list=0x00007ff92a5eb1c8, length=0, elements={
}

Java Threads: ( => current thread )
Total: 0

Other Threads:
  0x000001d133056bb0 WorkerThread "GC Thread#0"                     [id=30960, stack(0x000000ba20000000,0x000000ba20100000) (1024K)]
  0x000001d133069f70 ConcurrentGCThread "G1 Main Marker"            [id=27916, stack(0x000000ba20100000,0x000000ba20200000) (1024K)]
  0x000001d13306b030 WorkerThread "G1 Conc#0"                       [id=14880, stack(0x000000ba20200000,0x000000ba20300000) (1024K)]

[error occurred during error reporting (printing all threads), id 0xc0000005, EXCEPTION_ACCESS_VIOLATION (0xc0000005) at pc=0x00007ff929d3f367]
VM state: not at safepoint (not fully initialized)

VM Mutex/Monitor currently owned by a thread:  ([mutex/lock_event])
[0x00007ff92a66bcb8] Heap_lock - owner thread: 0x000001d132e57f90

Heap address: 0x0000000709800000, size: 3944 MB, Compressed Oops mode: Zero based, Oop shift amount: 3

CDS archive(s) mapped at: [0x0000000000000000-0x0000000000000000-0x0000000000000000), size 0, SharedBaseAddress: 0x0000000800000000, ArchiveRelocationMode: 1.
Narrow klass base: 0x0000000000000000, Narrow klass shift: 0, Narrow klass range: 0x0

GC Precious Log:
 CardTable entry size: 512
 Card Set container configuration: InlinePtr #cards 4 size 8 Array Of Cards #cards 16 size 48 Howl #buckets 8 coarsen threshold 3686 Howl Bitmap #cards 512 size 80 coarsen threshold 460 Card regions per heap region 1 cards per card region 4096

Heap:
 garbage-first heap   total reserved 4038656K, committed 0K, used 0K [0x0000000709800000, 0x0000000800000000)
  region size 2048K, 0 young (0K), 0 survivors (0K)

[error occurred during error reporting (printing heap information), id 0xc0000005, EXCEPTION_ACCESS_VIOLATION (0xc0000005) at pc=0x00007ff92a13e429]
GC Heap History (0 events):
No events

Dll operation events (1 events):
Event: 0.006 Loaded shared library C:\Program Files\Java\jdk-22\bin\java.dll

Deoptimization events (0 events):
No events

Classes loaded (0 events):
No events

Classes unloaded (0 events):
No events

Classes redefined (0 events):
No events

Internal exceptions (0 events):
No events

ZGC Phase Switch (0 events):
No events

VM Operations (0 events):
No events

Events (0 events):
No events


Dynamic libraries:
0x00007ff7a53f0000 - 0x00007ff7a5400000 	C:\Program Files\Java\jdk-22\bin\java.exe
0x00007ff9f5a80000 - 0x00007ff9f5ce7000 	C:\WINDOWS\SYSTEM32\ntdll.dll
0x00007ff9f4c10000 - 0x00007ff9f4cd9000 	C:\WINDOWS\System32\KERNEL32.DLL
0x00007ff9f3200000 - 0x00007ff9f35f4000 	C:\WINDOWS\System32\KERNELBASE.dll
0x00007ff9f3600000 - 0x00007ff9f374b000 	C:\WINDOWS\System32\ucrtbase.dll
0x00007ff9babd0000 - 0x00007ff9babe7000 	C:\Program Files\Java\jdk-22\bin\jli.dll
0x00007ff9b9130000 - 0x00007ff9b914b000 	C:\Program Files\Java\jdk-22\bin\VCRUNTIME140.dll
0x00007ff9f3c90000 - 0x00007ff9f3d46000 	C:\WINDOWS\System32\ADVAPI32.dll
0x00007ff9f3be0000 - 0x00007ff9f3c89000 	C:\WINDOWS\System32\msvcrt.dll
0x00007ff9f5990000 - 0x00007ff9f5a37000 	C:\WINDOWS\System32\sechost.dll
0x00007ff9f3d90000 - 0x00007ff9f3ea8000 	C:\WINDOWS\System32\RPCRT4.dll
0x00007ff9f4dc0000 - 0x00007ff9f4f85000 	C:\WINDOWS\System32\USER32.dll
0x00007ff9ddab0000 - 0x00007ff9ddd43000 	C:\WINDOWS\WinSxS\amd64_microsoft.windows.common-controls_6595b64144ccf1df_6.0.26100.8115_none_3e075c82e3354f9c\COMCTL32.dll
0x00007ff9f3060000 - 0x00007ff9f3087000 	C:\WINDOWS\System32\win32u.dll
0x00007ff9f4030000 - 0x00007ff9f405b000 	C:\WINDOWS\System32\GDI32.dll
0x00007ff9f2f30000 - 0x00007ff9f305a000 	C:\WINDOWS\System32\gdi32full.dll
0x00007ff9f2e80000 - 0x00007ff9f2f23000 	C:\WINDOWS\System32\msvcp_win.dll
0x00007ff9ea360000 - 0x00007ff9ea36b000 	C:\WINDOWS\SYSTEM32\VERSION.dll
0x00007ff9f3d50000 - 0x00007ff9f3d82000 	C:\WINDOWS\System32\IMM32.DLL
0x00007ff9cc820000 - 0x00007ff9cc82c000 	C:\Program Files\Java\jdk-22\bin\vcruntime140_1.dll
0x00007ff95b3f0000 - 0x00007ff95b47e000 	C:\Program Files\Java\jdk-22\bin\msvcp140.dll
0x00007ff929a00000 - 0x00007ff92a747000 	C:\Program Files\Java\jdk-22\bin\server\jvm.dll
0x00007ff9f5890000 - 0x00007ff9f5910000 	C:\WINDOWS\System32\WS2_32.dll
0x00007ff9f21b0000 - 0x00007ff9f220e000 	C:\WINDOWS\SYSTEM32\POWRPROF.dll
0x00007ff9ea320000 - 0x00007ff9ea356000 	C:\WINDOWS\SYSTEM32\WINMM.dll
0x00007ff9f2190000 - 0x00007ff9f21a4000 	C:\WINDOWS\SYSTEM32\UMPDC.dll
0x00007ff9f10e0000 - 0x00007ff9f10fb000 	C:\WINDOWS\SYSTEM32\kernel.appcore.dll
0x00007ff9cc720000 - 0x00007ff9cc72a000 	C:\Program Files\Java\jdk-22\bin\jimage.dll
0x00007ff9ec990000 - 0x00007ff9ecbd2000 	C:\WINDOWS\SYSTEM32\DBGHELP.DLL
0x00007ff9f4080000 - 0x00007ff9f4402000 	C:\WINDOWS\System32\combase.dll
0x00007ff9f4ce0000 - 0x00007ff9f4db7000 	C:\WINDOWS\System32\OLEAUT32.dll
0x00007ff9d0770000 - 0x00007ff9d07ab000 	C:\WINDOWS\SYSTEM32\dbgcore.DLL
0x00007ff9f2350000 - 0x00007ff9f23f5000 	C:\WINDOWS\System32\bcryptPrimitives.dll
0x00007ff9b7820000 - 0x00007ff9b783e000 	C:\Program Files\Java\jdk-22\bin\java.dll
0x00007ff9f44a0000 - 0x00007ff9f4c06000 	C:\WINDOWS\System32\SHELL32.dll
0x00007ff9f3090000 - 0x00007ff9f31fa000 	C:\WINDOWS\System32\wintypes.dll
0x00007ff9f38e0000 - 0x00007ff9f3a77000 	C:\WINDOWS\System32\ole32.dll

dbghelp: loaded successfully - version: 4.0.5 - missing functions: none
symbol engine: initialized successfully - sym options: 0x614 - pdb path: .;C:\Program Files\Java\jdk-22\bin;C:\WINDOWS\SYSTEM32;C:\WINDOWS\WinSxS\amd64_microsoft.windows.common-controls_6595b64144ccf1df_6.0.26100.8115_none_3e075c82e3354f9c;C:\Program Files\Java\jdk-22\bin\server

VM Arguments:
java_command: org.jetbrains.kotlin.cli.jvm.K2JVMCompiler @D:\Programming\Flutter SDK\flutter\packages\flutter_tools\gradle\build\20260418_14450037932874665426.compiler.options
java_class_path (initial): C:\Users\asusp\.gradle\caches\modules-2\files-2.1\org.jetbrains.kotlin\kotlin-compiler-embeddable\2.0.21\79346ed53db48b18312a472602eb5c057070c54d\kotlin-compiler-embeddable-2.0.21.jar;C:\Users\asusp\.gradle\caches\modules-2\files-2.1\org.jetbrains.kotlin\kotlin-stdlib\2.0.21\618b539767b4899b4660a83006e052b63f1db551\kotlin-stdlib-2.0.21.jar;C:\Users\asusp\.gradle\caches\modules-2\files-2.1\org.jetbrains.kotlin\kotlin-script-runtime\2.0.21\c9b044380ad41f89aa89aa896c2d32a8c0b2129d\kotlin-script-runtime-2.0.21.jar;C:\Users\asusp\.gradle\caches\modules-2\files-2.1\org.jetbrains.kotlin\kotlin-reflect\1.6.10\1cbe9c92c12a94eea200d23c2bbaedaf3daf5132\kotlin-reflect-1.6.10.jar;C:\Users\asusp\.gradle\caches\modules-2\files-2.1\org.jetbrains.kotlin\kotlin-daemon-embeddable\2.0.21\c9e933b23287de9b5a17e2116b4657bb91aea72c\kotlin-daemon-embeddable-2.0.21.jar;C:\Users\asusp\.gradle\caches\modules-2\files-2.1\org.jetbrains.intellij.deps\trove4j\1.0.20200330\3afb14d5f9ceb459d724e907a21145e8ff394f02\trove4j-1.0.20200330.jar;C:\Users\asusp\.gradle\caches\modules-2\files-2.1\org.jetbrains.kotlinx\kotlinx-coroutines-core-jvm\1.6.4\2c997cd1c0ef33f3e751d3831929aeff1390cb30\kotlinx-coroutines-core-jvm-1.6.4.jar;C:\Users\asusp\.gradle\caches\modules-2\files-2.1\org.jetbrains\annotations\13.0\919f0dfe192fb4e063e7dacadee7f8bb9a2672a9\annotations-13.0.jar
Launcher Type: SUN_STANDARD

[Global flags]
     intx CICompilerCount                          = 12                                        {product} {ergonomic}
     uint ConcGCThreads                            = 3                                         {product} {ergonomic}
     uint G1ConcRefinementThreads                  = 13                                        {product} {ergonomic}
   size_t G1HeapRegionSize                         = 2097152                                   {product} {ergonomic}
   size_t InitialHeapSize                          = 260046848                                 {product} {ergonomic}
   size_t MarkStackSize                            = 4194304                                   {product} {ergonomic}
   size_t MaxHeapSize                              = 4135583744                                {product} {ergonomic}
   size_t MinHeapDeltaBytes                        = 2097152                                   {product} {ergonomic}
   size_t MinHeapSize                              = 8388608                                   {product} {ergonomic}
    uintx NonNMethodCodeHeapSize                   = 7602480                                {pd product} {ergonomic}
    uintx NonProfiledCodeHeapSize                  = 122027880                              {pd product} {ergonomic}
    uintx ProfiledCodeHeapSize                     = 122027880                              {pd product} {ergonomic}
    uintx ReservedCodeCacheSize                    = 251658240                              {pd product} {ergonomic}
     bool SegmentedCodeCache                       = true                                      {product} {ergonomic}
   size_t SoftMaxHeapSize                          = 4135583744                             {manageable} {ergonomic}
     bool UseCompressedOops                        = true                           {product lp64_product} {ergonomic}
     bool UseG1GC                                  = true                                      {product} {ergonomic}
     bool UseLargePagesIndividualAllocation        = false                                  {pd product} {ergonomic}

Logging:
Log output configuration:
 #0: stdout all=warning uptime,level,tags foldmultilines=false
 #1: stderr all=off uptime,level,tags foldmultilines=false

Environment Variables:
JAVA_HOME=C:\Program Files\Java\jdk-22
PATH=F:\VMware Workstation\bin\;C:\Program Files\Python313\Scripts\;C:\Program Files\Python313\;C:\Program Files (x86)\Common Files\Intel\Shared Libraries\redist\intel64\compiler;C:\Program Files\Common Files\Oracle\Java\javapath;C:\Program Files (x86)\Common Files\Oracle\Java\javapath;C:\WINDOWS\system32;C:\WINDOWS;C:\WINDOWS\System32\Wbem;C:\WINDOWS\System32\WindowsPowerShell\v1.0\;C:\WINDOWS\System32\OpenSSH\;C:\Users\asusp\AppData\Local\Programs\Python\Python312;C:\ProgramData\chocolatey\bin;C:\Users\asusp\AppData\Local\Programs\Python\Python313;C:\Users\asusp\AppData\Local\Programs\Python\Python313\Scripts;C:\Program Files\Git\cmd;C:\Program Files\nodejs\;C:\laragon\bin\php\php-8.3.29-Win32-vs16-x64;C:\php84;C:\php83;C:\php82;C:\php851;C:\laragon\bin\php\php-8.3.23-Win32-vs16-x64;C:\laragon\bin\php\php-8.1.10-Win32-vs16-x64\;C:\Program Files (x86)\Windows Kits\10\Windows Performance Toolkit\;C:\Users\asusp\AppData\Local\Microsoft\WinGet\Links\ffmpeg.exe;C:\MinGW\bin;C:\mysql-connector-cpp-8.0.33\lib64;C:\Tools\NuGet\;C:\Users\asusp\AppData\Roaming\Python\Python313\Scripts;C:\Program Files\dotnet\;C:\laragon\bin;C:\laragon\bin\apache\httpd-2.4.54-win64-VS16\bin;C:\laragon\bin\composer;C:\laragon\bin\git\bin;C:\laragon\bin\git\cmd;C:\laragon\bin\git\mingw64\bin;C:\laragon\bin\git\usr\bin;C:\laragon\bin\laragon\utils;C:\laragon\bin\mysql\mysql-8.0.30-winx64\bin;C:\laragon\bin\nginx\nginx-1.22.0;C:\laragon\bin\ngrok;C:\laragon\bin\nodejs\node-v18;C:\laragon\bin\notepad++;C:\laragon\bin\php\php-8.3.29-Win32-vs16-x64;C:\laragon\bin\python\python-3.10;C:\laragon\bin\python\python-3.10\Scripts;C:\laragon\bin\redis\redis-x64-5.0.14.1;C:\laragon\bin\telnet;C:\laragon\usr\bin;C:\Users\asusp\AppData\Local\Yarn\config\global\node_modules\.bin;C:\Users\asusp\AppData\Roaming\Composer\vendor\bin;C:\Users\asusp\AppData\Roaming\npm;C:\php84;C:\php83;C:\php82;C:\php851;C:\Users\asusp\AppData\Local\Microsoft\WindowsApps;C:\Users\asusp\AppData\Local\Programs\Microsoft VS Code\bin;C:\Program Files\Java\jdk-22\bin;C:\Users\asusp\AppData\Local\Pub\Cache\bin;D:\Programming\Flutter SDK\flutter\bin;C:\Users\asusp\AppData\Local\Programs\Python\Python313;C:\Users\asusp\AppData\Local\Programs\Python\Python313\Scripts;C:\Users\asusp\AppData\Local\Android\Sdk\platform-tools;C:\Users\asusp\AppData\Roaming\Python\Python313\Scripts;C:\Users\asusp\AppData\Local\Programs\Antigravity\bin;
USERNAME=ASUS
OS=Windows_NT
PROCESSOR_IDENTIFIER=AMD64 Family 25 Model 80 Stepping 0, AuthenticAMD
TMP=C:\Users\asusp\AppData\Local\Temp
TEMP=C:\Users\asusp\AppData\Local\Temp




Periodic native trim disabled

---------------  S Y S T E M  ---------------

OS:
 Windows 11 , 64 bit Build 26100 (10.0.26100.8115)
OS uptime: 0 days 2:14 hours
Hyper-V role detected

CPU: total 16 (initial active 16) (16 cores per cpu, 2 threads per core) family 25 model 80 stepping 0 microcode 0xa50000d, cx8, cmov, fxsr, ht, mmx, 3dnowpref, sse, sse2, sse3, ssse3, sse4a, sse4.1, sse4.2, popcnt, lzcnt, tsc, tscinvbit, avx, avx2, aes, erms, clmul, bmi1, bmi2, adx, sha, fma, vzeroupper, clflush, clflushopt, hv, rdtscp, rdpid, fsrm, f16c, cet_ss
Processor Information for all 16 processors :
  Max Mhz: 3201, Current Mhz: 3201, Mhz Limit: 3201

Memory: 4k page, system-wide physical 15773M (1278M free)
TotalPageFile size 25596M (AvailPageFile size 76M)
current process WorkingSet (physical memory assigned to process): 13M, peak: 13M
current process commit charge ("private bytes"): 71M, peak: 319M

vm_info: Java HotSpot(TM) 64-Bit Server VM (22.0.1+8-16) for windows-amd64 JRE (22.0.1+8-16), built on 2024-03-12T10:33:16Z by "mach5one" with MS VC++ 17.6 (VS2022)

END.
